<?xml version="1.0" encoding="UTF-8"?>
<testsuite name="Simplilearn1"
           tests="5"
           failures="1"
           errors="0"
           skipped="4"
           time="0.045">
  <properties />
            <testcase name="beforeClass" time="0.045" classname="test.TestNavigation">
                <failure type="java.lang.RuntimeException"
                  message="Failed to find ANDROID_HOME,make sure enviroment variable is set for ANDROID_HOME"
              >
<![CDATA[java.lang.RuntimeException: Failed to find ANDROID_HOME,make sure enviroment variable is set for ANDROID_HOME
  com.foundation.coreManager.ServerManager.getAndroidHome(ServerManager.java:15)
  com.foundation.core.ADB.command(ADB.java:20)
  com.foundation.core.ADB.getConnectedDevices(ADB.java:44)
  com.foundation.coreManager.DriverManager.getAvailableDevices(DriverManager.java:64)
  com.foundation.coreManager.DriverManager.createDriver(DriverManager.java:113)
  com.api.apps.simplilearn.Simplilearn.open(Simplilearn.java:30)
  test.TestNavigation.beforeClass(TestNavigation.java:23)
  sun.reflect.NativeMethodAccessorImpl.invoke0(Native Method)
  sun.reflect.NativeMethodAccessorImpl.invoke(NativeMethodAccessorImpl.java:62)
  sun.reflect.DelegatingMethodAccessorImpl.invoke(DelegatingMethodAccessorImpl.java:43)
  java.lang.reflect.Method.invoke(Method.java:498)
  org.testng.internal.MethodInvocationHelper.invokeMethod(MethodInvocationHelper.java:108)
  org.testng.internal.Invoker.invokeConfigurationMethod(Invoker.java:523)
  org.testng.internal.Invoker.invokeConfigurations(Invoker.java:224)
  org.testng.internal.Invoker.invokeConfigurations(Invoker.java:146)
  org.testng.internal.TestMethodWorker.invokeBeforeClassMethods(TestMethodWorker.java:166)
  org.testng.internal.TestMethodWorker.run(TestMethodWorker.java:105)
  org.testng.TestRunner.privateRun(TestRunner.java:744)
  org.testng.TestRunner.run(TestRunner.java:602)
  org.testng.SuiteRunner.runTest(SuiteRunner.java:380)
  org.testng.SuiteRunner.runSequentially(SuiteRunner.java:375)
  org.testng.SuiteRunner.privateRun(SuiteRunner.java:340)
  org.testng.SuiteRunner.run(SuiteRunner.java:289)
  org.testng.SuiteRunnerWorker.runSuite(SuiteRunnerWorker.java:52)
  org.testng.SuiteRunnerWorker.run(SuiteRunnerWorker.java:86)
  org.testng.TestNG.runSuitesSequentially(TestNG.java:1301)
  org.testng.TestNG.runSuitesLocally(TestNG.java:1226)
  org.testng.TestNG.runSuites(TestNG.java:1144)
  org.testng.TestNG.run(TestNG.java:1115)
  org.testng.remote.AbstractRemoteTestNG.run(AbstractRemoteTestNG.java:132)
  org.testng.remote.RemoteTestNG.initAndRun(RemoteTestNG.java:230)
  org.testng.remote.RemoteTestNG.main(RemoteTestNG.java:76)
]]>
      </failure>

          </testcase>
  
            <testcase name="test1" time="0.0" classname="test.TestNavigation">
          <skipped />
    </testcase>
            <testcase name="test2" time="0.0" classname="test.TestNavigation">
          <skipped />
    </testcase>
            <testcase name="test3" time="0.0" classname="test.TestNavigation">
          <skipped />
    </testcase>
            <testcase name="after" time="0.0" classname="test.TestNavigation">
          <skipped />
    </testcase>
  
  
</testsuite>
