<?xml version="1.0" encoding="UTF-8"?>
<testng-results skipped="0" failed="2" ignored="0" total="4" passed="2">
  <reporter-output>
  </reporter-output>
  <suite name="Default suite" duration-ms="40312" started-at="2017-06-10T12:11:55Z" finished-at="2017-06-10T12:12:35Z">
    <groups>
      <group name="">
        <method signature="TestNavigation.verifyLoginElements()[pri:0, instance:test.TestNavigation@1e397ed7]" name="verifyLoginElements" class="test.TestNavigation"/>
      </group> <!--  -->
    </groups>
    <test name="Default test" duration-ms="40312" started-at="2017-06-10T12:11:55Z" finished-at="2017-06-10T12:12:35Z">
      <class name="test.TestNavigation">
        <test-method status="PASS" signature="beforeTest()[pri:0, instance:test.TestNavigation@1e397ed7]" name="beforeTest" is-config="true" duration-ms="261" started-at="2017-06-10T17:41:55Z" finished-at="2017-06-10T17:41:55Z">
          <reporter-output>
          </reporter-output>
        </test-method> <!-- beforeTest -->
        <test-method status="PASS" signature="beforeClass()[pri:0, instance:test.TestNavigation@1e397ed7]" name="beforeClass" is-config="true" duration-ms="28158" started-at="2017-06-10T17:41:55Z" finished-at="2017-06-10T17:42:23Z">
          <reporter-output>
          </reporter-output>
        </test-method> <!-- beforeClass -->
        <test-method status="PASS" signature="beforeMethod(java.lang.reflect.Method)[pri:0, instance:test.TestNavigation@1e397ed7]" name="beforeMethod" is-config="true" duration-ms="1" started-at="2017-06-10T17:42:23Z" finished-at="2017-06-10T17:42:23Z">
          <params>
            <param index="0">
              <value>
                <![CDATA[public void test.TestNavigation.verifyLoginElements()]]>
              </value>
            </param>
          </params>
          <reporter-output>
          </reporter-output>
        </test-method> <!-- beforeMethod -->
        <test-method status="PASS" signature="verifyLoginElements()[pri:0, instance:test.TestNavigation@1e397ed7]" name="verifyLoginElements" duration-ms="8" started-at="2017-06-10T17:42:23Z" finished-at="2017-06-10T17:42:23Z">
          <reporter-output>
          </reporter-output>
        </test-method> <!-- verifyLoginElements -->
        <test-method status="PASS" signature="afterMethod(org.testng.ITestResult)[pri:0, instance:test.TestNavigation@1e397ed7]" name="afterMethod" is-config="true" duration-ms="2" started-at="2017-06-10T17:42:23Z" finished-at="2017-06-10T17:42:23Z">
          <params>
            <param index="0">
              <value>
                <![CDATA[[TestResult name=verifyLoginElements status=SUCCESS method=TestNavigation.verifyLoginElements()[pri:0, instance:test.TestNavigation@1e397ed7] output={null}]]]>
              </value>
            </param>
          </params>
          <reporter-output>
          </reporter-output>
        </test-method> <!-- afterMethod -->
        <test-method status="PASS" signature="beforeMethod(java.lang.reflect.Method)[pri:0, instance:test.TestNavigation@1e397ed7]" name="beforeMethod" is-config="true" duration-ms="0" started-at="2017-06-10T17:42:23Z" finished-at="2017-06-10T17:42:23Z">
          <params>
            <param index="0">
              <value>
                <![CDATA[public void test.TestNavigation.loginToApp() throws java.lang.InterruptedException]]>
              </value>
            </param>
          </params>
          <reporter-output>
          </reporter-output>
        </test-method> <!-- beforeMethod -->
        <test-method status="FAIL" signature="loginToApp()[pri:1, instance:test.TestNavigation@1e397ed7]" name="loginToApp" duration-ms="1924" started-at="2017-06-10T17:42:23Z" finished-at="2017-06-10T17:42:25Z">
          <exception class="java.lang.RuntimeException">
            <message>
              <![CDATA[An element could not be located on the page using the given search parameters. (WARNING: The server did not provide any stacktrace information)
Command duration or timeout: 1.92 seconds
For documentation on this error, please visit: http://seleniumhq.org/exceptions/no_such_element.html
Build info: version: '3.0.1', revision: '1969d75', time: '2016-10-18 09:49:13 -0700'
System info: host: 'Jagannath.local', ip: '192.168.1.6', os.name: 'Mac OS X', os.arch: 'x86_64', os.version: '10.12.5', java.version: '1.8.0_111'
Driver info: io.appium.java_client.android.AndroidDriver
Capabilities [{app=/Users/jagannath/Documents/eclipse 3/com.mobile.simplilearn/apps/Simplilearn_com.mobile.simplilearn.apk, appPackage=com.mobile.simplilearn, networkConnectionEnabled=true, noReset=true, warnings={}, appWaitPackage=com.mobile.simplilearn, appWaitActivity=com.mobile.simplilearn.view.activity.SplashActivity, databaseEnabled=false, deviceName=03de9dc6213ebc2d, platform=LINUX, platfornName=Android, deviceUDID=03de9dc6213ebc2d, appActivity=com.mobile.simplilearn.view.activity.SplashActivity, desired={app=/Users/jagannath/Documents/eclipse 3/com.mobile.simplilearn/apps/Simplilearn_com.mobile.simplilearn.apk, noReset=true, platformName=Android, deviceName=03de9dc6213ebc2d, platfornName=Android}, platformVersion=6.0.1, webStorageEnabled=false, locationContextEnabled=false, takesScreenshot=true, javascriptEnabled=true, platformName=Android}]
Session ID: 1e7a6ac2-9aba-4604-b821-ad9cef17abf8
*** Element info: {Using=-android uiautomator, value=new UiSelector().text("LOGIN")}]]>
            </message>
            <full-stacktrace>
              <![CDATA[java.lang.RuntimeException: An element could not be located on the page using the given search parameters. (WARNING: The server did not provide any stacktrace information)
Command duration or timeout: 1.92 seconds
For documentation on this error, please visit: http://seleniumhq.org/exceptions/no_such_element.html
Build info: version: '3.0.1', revision: '1969d75', time: '2016-10-18 09:49:13 -0700'
System info: host: 'Jagannath.local', ip: '192.168.1.6', os.name: 'Mac OS X', os.arch: 'x86_64', os.version: '10.12.5', java.version: '1.8.0_111'
Driver info: io.appium.java_client.android.AndroidDriver
Capabilities [{app=/Users/jagannath/Documents/eclipse 3/com.mobile.simplilearn/apps/Simplilearn_com.mobile.simplilearn.apk, appPackage=com.mobile.simplilearn, networkConnectionEnabled=true, noReset=true, warnings={}, appWaitPackage=com.mobile.simplilearn, appWaitActivity=com.mobile.simplilearn.view.activity.SplashActivity, databaseEnabled=false, deviceName=03de9dc6213ebc2d, platform=LINUX, platfornName=Android, deviceUDID=03de9dc6213ebc2d, appActivity=com.mobile.simplilearn.view.activity.SplashActivity, desired={app=/Users/jagannath/Documents/eclipse 3/com.mobile.simplilearn/apps/Simplilearn_com.mobile.simplilearn.apk, noReset=true, platformName=Android, deviceName=03de9dc6213ebc2d, platfornName=Android}, platformVersion=6.0.1, webStorageEnabled=false, locationContextEnabled=false, takesScreenshot=true, javascriptEnabled=true, platformName=Android}]
Session ID: 1e7a6ac2-9aba-4604-b821-ad9cef17abf8
*** Element info: {Using=-android uiautomator, value=new UiSelector().text("LOGIN")}
	at test.TestNavigation.loginToApp(TestNavigation.java:103)
	at sun.reflect.NativeMethodAccessorImpl.invoke0(Native Method)
	at sun.reflect.NativeMethodAccessorImpl.invoke(NativeMethodAccessorImpl.java:62)
	at sun.reflect.DelegatingMethodAccessorImpl.invoke(DelegatingMethodAccessorImpl.java:43)
	at java.lang.reflect.Method.invoke(Method.java:498)
	at org.testng.internal.MethodInvocationHelper.invokeMethod(MethodInvocationHelper.java:108)
	at org.testng.internal.Invoker.invokeMethod(Invoker.java:661)
	at org.testng.internal.Invoker.invokeTestMethod(Invoker.java:869)
	at org.testng.internal.Invoker.invokeTestMethods(Invoker.java:1193)
	at org.testng.internal.TestMethodWorker.invokeTestMethods(TestMethodWorker.java:126)
	at org.testng.internal.TestMethodWorker.run(TestMethodWorker.java:109)
	at org.testng.TestRunner.privateRun(TestRunner.java:744)
	at org.testng.TestRunner.run(TestRunner.java:602)
	at org.testng.SuiteRunner.runTest(SuiteRunner.java:380)
	at org.testng.SuiteRunner.runSequentially(SuiteRunner.java:375)
	at org.testng.SuiteRunner.privateRun(SuiteRunner.java:340)
	at org.testng.SuiteRunner.run(SuiteRunner.java:289)
	at org.testng.SuiteRunnerWorker.runSuite(SuiteRunnerWorker.java:52)
	at org.testng.SuiteRunnerWorker.run(SuiteRunnerWorker.java:86)
	at org.testng.TestNG.runSuitesSequentially(TestNG.java:1301)
	at org.testng.TestNG.runSuitesLocally(TestNG.java:1226)
	at org.testng.TestNG.runSuites(TestNG.java:1144)
	at org.testng.TestNG.run(TestNG.java:1115)
	at org.testng.remote.AbstractRemoteTestNG.run(AbstractRemoteTestNG.java:132)
	at org.testng.remote.RemoteTestNG.initAndRun(RemoteTestNG.java:230)
	at org.testng.remote.RemoteTestNG.main(RemoteTestNG.java:76)
]]>
            </full-stacktrace>
          </exception> <!-- java.lang.RuntimeException -->
          <reporter-output>
          </reporter-output>
        </test-method> <!-- loginToApp -->
        <test-method status="PASS" signature="afterMethod(org.testng.ITestResult)[pri:0, instance:test.TestNavigation@1e397ed7]" name="afterMethod" is-config="true" duration-ms="2184" started-at="2017-06-10T17:42:25Z" finished-at="2017-06-10T17:42:27Z">
          <params>
            <param index="0">
              <value>
                <![CDATA[[TestResult name=loginToApp status=FAILURE method=TestNavigation.loginToApp()[pri:1, instance:test.TestNavigation@1e397ed7] output={null}]]]>
              </value>
            </param>
          </params>
          <reporter-output>
          </reporter-output>
        </test-method> <!-- afterMethod -->
        <test-method status="PASS" signature="beforeMethod(java.lang.reflect.Method)[pri:0, instance:test.TestNavigation@1e397ed7]" name="beforeMethod" is-config="true" duration-ms="0" started-at="2017-06-10T17:42:27Z" finished-at="2017-06-10T17:42:27Z">
          <params>
            <param index="0">
              <value>
                <![CDATA[public void test.TestNavigation.verifyMyCourse() throws java.lang.InterruptedException]]>
              </value>
            </param>
          </params>
          <reporter-output>
          </reporter-output>
        </test-method> <!-- beforeMethod -->
        <test-method status="PASS" signature="verifyMyCourse()[pri:2, instance:test.TestNavigation@1e397ed7]" name="verifyMyCourse" duration-ms="5007" started-at="2017-06-10T17:42:27Z" finished-at="2017-06-10T17:42:32Z">
          <reporter-output>
          </reporter-output>
        </test-method> <!-- verifyMyCourse -->
        <test-method status="PASS" signature="afterMethod(org.testng.ITestResult)[pri:0, instance:test.TestNavigation@1e397ed7]" name="afterMethod" is-config="true" duration-ms="1" started-at="2017-06-10T17:42:32Z" finished-at="2017-06-10T17:42:32Z">
          <params>
            <param index="0">
              <value>
                <![CDATA[[TestResult name=verifyMyCourse status=SUCCESS method=TestNavigation.verifyMyCourse()[pri:2, instance:test.TestNavigation@1e397ed7] output={null}]]]>
              </value>
            </param>
          </params>
          <reporter-output>
          </reporter-output>
        </test-method> <!-- afterMethod -->
        <test-method status="PASS" signature="beforeMethod(java.lang.reflect.Method)[pri:0, instance:test.TestNavigation@1e397ed7]" name="beforeMethod" is-config="true" duration-ms="0" started-at="2017-06-10T17:42:32Z" finished-at="2017-06-10T17:42:32Z">
          <params>
            <param index="0">
              <value>
                <![CDATA[public void test.TestNavigation.verifyLogout() throws java.lang.InterruptedException,java.io.IOException]]>
              </value>
            </param>
          </params>
          <reporter-output>
          </reporter-output>
        </test-method> <!-- beforeMethod -->
        <test-method status="FAIL" signature="verifyLogout()[pri:3, instance:test.TestNavigation@1e397ed7]" name="verifyLogout" duration-ms="769" started-at="2017-06-10T17:42:32Z" finished-at="2017-06-10T17:42:33Z">
          <exception class="java.lang.RuntimeException">
            <message>
              <![CDATA[An element could not be located on the page using the given search parameters. (WARNING: The server did not provide any stacktrace information)
Command duration or timeout: 766 milliseconds
For documentation on this error, please visit: http://seleniumhq.org/exceptions/no_such_element.html
Build info: version: '3.0.1', revision: '1969d75', time: '2016-10-18 09:49:13 -0700'
System info: host: 'Jagannath.local', ip: '192.168.1.6', os.name: 'Mac OS X', os.arch: 'x86_64', os.version: '10.12.5', java.version: '1.8.0_111'
Driver info: io.appium.java_client.android.AndroidDriver
Capabilities [{app=/Users/jagannath/Documents/eclipse 3/com.mobile.simplilearn/apps/Simplilearn_com.mobile.simplilearn.apk, appPackage=com.mobile.simplilearn, networkConnectionEnabled=true, noReset=true, warnings={}, appWaitPackage=com.mobile.simplilearn, appWaitActivity=com.mobile.simplilearn.view.activity.SplashActivity, databaseEnabled=false, deviceName=03de9dc6213ebc2d, platform=LINUX, platfornName=Android, deviceUDID=03de9dc6213ebc2d, appActivity=com.mobile.simplilearn.view.activity.SplashActivity, desired={app=/Users/jagannath/Documents/eclipse 3/com.mobile.simplilearn/apps/Simplilearn_com.mobile.simplilearn.apk, noReset=true, platformName=Android, deviceName=03de9dc6213ebc2d, platfornName=Android}, platformVersion=6.0.1, webStorageEnabled=false, locationContextEnabled=false, takesScreenshot=true, javascriptEnabled=true, platformName=Android}]
Session ID: 1e7a6ac2-9aba-4604-b821-ad9cef17abf8
*** Element info: {Using=xpath, value=//android.widget.ImageButton[@index=0]}]]>
            </message>
            <full-stacktrace>
              <![CDATA[java.lang.RuntimeException: An element could not be located on the page using the given search parameters. (WARNING: The server did not provide any stacktrace information)
Command duration or timeout: 766 milliseconds
For documentation on this error, please visit: http://seleniumhq.org/exceptions/no_such_element.html
Build info: version: '3.0.1', revision: '1969d75', time: '2016-10-18 09:49:13 -0700'
System info: host: 'Jagannath.local', ip: '192.168.1.6', os.name: 'Mac OS X', os.arch: 'x86_64', os.version: '10.12.5', java.version: '1.8.0_111'
Driver info: io.appium.java_client.android.AndroidDriver
Capabilities [{app=/Users/jagannath/Documents/eclipse 3/com.mobile.simplilearn/apps/Simplilearn_com.mobile.simplilearn.apk, appPackage=com.mobile.simplilearn, networkConnectionEnabled=true, noReset=true, warnings={}, appWaitPackage=com.mobile.simplilearn, appWaitActivity=com.mobile.simplilearn.view.activity.SplashActivity, databaseEnabled=false, deviceName=03de9dc6213ebc2d, platform=LINUX, platfornName=Android, deviceUDID=03de9dc6213ebc2d, appActivity=com.mobile.simplilearn.view.activity.SplashActivity, desired={app=/Users/jagannath/Documents/eclipse 3/com.mobile.simplilearn/apps/Simplilearn_com.mobile.simplilearn.apk, noReset=true, platformName=Android, deviceName=03de9dc6213ebc2d, platfornName=Android}, platformVersion=6.0.1, webStorageEnabled=false, locationContextEnabled=false, takesScreenshot=true, javascriptEnabled=true, platformName=Android}]
Session ID: 1e7a6ac2-9aba-4604-b821-ad9cef17abf8
*** Element info: {Using=xpath, value=//android.widget.ImageButton[@index=0]}
	at test.TestNavigation.verifyLogout(TestNavigation.java:143)
	at sun.reflect.NativeMethodAccessorImpl.invoke0(Native Method)
	at sun.reflect.NativeMethodAccessorImpl.invoke(NativeMethodAccessorImpl.java:62)
	at sun.reflect.DelegatingMethodAccessorImpl.invoke(DelegatingMethodAccessorImpl.java:43)
	at java.lang.reflect.Method.invoke(Method.java:498)
	at org.testng.internal.MethodInvocationHelper.invokeMethod(MethodInvocationHelper.java:108)
	at org.testng.internal.Invoker.invokeMethod(Invoker.java:661)
	at org.testng.internal.Invoker.invokeTestMethod(Invoker.java:869)
	at org.testng.internal.Invoker.invokeTestMethods(Invoker.java:1193)
	at org.testng.internal.TestMethodWorker.invokeTestMethods(TestMethodWorker.java:126)
	at org.testng.internal.TestMethodWorker.run(TestMethodWorker.java:109)
	at org.testng.TestRunner.privateRun(TestRunner.java:744)
	at org.testng.TestRunner.run(TestRunner.java:602)
	at org.testng.SuiteRunner.runTest(SuiteRunner.java:380)
	at org.testng.SuiteRunner.runSequentially(SuiteRunner.java:375)
	at org.testng.SuiteRunner.privateRun(SuiteRunner.java:340)
	at org.testng.SuiteRunner.run(SuiteRunner.java:289)
	at org.testng.SuiteRunnerWorker.runSuite(SuiteRunnerWorker.java:52)
	at org.testng.SuiteRunnerWorker.run(SuiteRunnerWorker.java:86)
	at org.testng.TestNG.runSuitesSequentially(TestNG.java:1301)
	at org.testng.TestNG.runSuitesLocally(TestNG.java:1226)
	at org.testng.TestNG.runSuites(TestNG.java:1144)
	at org.testng.TestNG.run(TestNG.java:1115)
	at org.testng.remote.AbstractRemoteTestNG.run(AbstractRemoteTestNG.java:132)
	at org.testng.remote.RemoteTestNG.initAndRun(RemoteTestNG.java:230)
	at org.testng.remote.RemoteTestNG.main(RemoteTestNG.java:76)
]]>
            </full-stacktrace>
          </exception> <!-- java.lang.RuntimeException -->
          <reporter-output>
          </reporter-output>
        </test-method> <!-- verifyLogout -->
        <test-method status="PASS" signature="afterMethod(org.testng.ITestResult)[pri:0, instance:test.TestNavigation@1e397ed7]" name="afterMethod" is-config="true" duration-ms="1619" started-at="2017-06-10T17:42:33Z" finished-at="2017-06-10T17:42:35Z">
          <params>
            <param index="0">
              <value>
                <![CDATA[[TestResult name=verifyLogout status=FAILURE method=TestNavigation.verifyLogout()[pri:3, instance:test.TestNavigation@1e397ed7] output={null}]]]>
              </value>
            </param>
          </params>
          <reporter-output>
          </reporter-output>
        </test-method> <!-- afterMethod -->
        <test-method status="PASS" signature="afterTest()[pri:0, instance:test.TestNavigation@1e397ed7]" name="afterTest" is-config="true" duration-ms="354" started-at="2017-06-10T17:42:35Z" finished-at="2017-06-10T17:42:35Z">
          <reporter-output>
          </reporter-output>
        </test-method> <!-- afterTest -->
      </class> <!-- test.TestNavigation -->
    </test> <!-- Default test -->
  </suite> <!-- Default suite -->
</testng-results>
