<?xml version="1.0" encoding="UTF-8"?>
<!-- Generated by org.testng.reporters.JUnitReportReporter -->
<testsuite skipped="0" hostname="Jagannath.local" name="test.TestNavigation" tests="4" failures="0" timestamp="10 Jun 2017 12:12:35 GMT" time="11.515" errors="2">
  <testcase name="verifyLoginElements" time="0.009" classname="test.TestNavigation"/>
  <testcase name="loginToApp" time="4.108" classname="test.TestNavigation">
    <error type="java.lang.RuntimeException" message="An element could not be located on the page using the given search parameters. (WARNING: The server did not provide any stacktrace information)
Command duration or timeout: 1.92 seconds
For documentation on this error, please visit: http://seleniumhq.org/exceptions/no_such_element.html
Build info: version: &#039;3.0.1&#039;, revision: &#039;1969d75&#039;, time: &#039;2016-10-18 09:49:13 -0700&#039;
System info: host: &#039;Jagannath.local&#039;, ip: &#039;192.168.1.6&#039;, os.name: &#039;Mac OS X&#039;, os.arch: &#039;x86_64&#039;, os.version: &#039;10.12.5&#039;, java.version: &#039;1.8.0_111&#039;
Driver info: io.appium.java_client.android.AndroidDriver
Capabilities [{app=/Users/jagannath/Documents/eclipse 3/com.mobile.simplilearn/apps/Simplilearn_com.mobile.simplilearn.apk, appPackage=com.mobile.simplilearn, networkConnectionEnabled=true, noReset=true, warnings={}, appWaitPackage=com.mobile.simplilearn, appWaitActivity=com.mobile.simplilearn.view.activity.SplashActivity, databaseEnabled=false, deviceName=03de9dc6213ebc2d, platform=LINUX, platfornName=Android, deviceUDID=03de9dc6213ebc2d, appActivity=com.mobile.simplilearn.view.activity.SplashActivity, desired={app=/Users/jagannath/Documents/eclipse 3/com.mobile.simplilearn/apps/Simplilearn_com.mobile.simplilearn.apk, noReset=true, platformName=Android, deviceName=03de9dc6213ebc2d, platfornName=Android}, platformVersion=6.0.1, webStorageEnabled=false, locationContextEnabled=false, takesScreenshot=true, javascriptEnabled=true, platformName=Android}]
Session ID: 1e7a6ac2-9aba-4604-b821-ad9cef17abf8
*** Element info: {Using=-android uiautomator, value=new UiSelector().text(&quot;LOGIN&quot;)}">
      <![CDATA[java.lang.RuntimeException: An element could not be located on the page using the given search parameters. (WARNING: The server did not provide any stacktrace information)
Command duration or timeout: 1.92 seconds
For documentation on this error, please visit: http://seleniumhq.org/exceptions/no_such_element.html
Build info: version: '3.0.1', revision: '1969d75', time: '2016-10-18 09:49:13 -0700'
System info: host: 'Jagannath.local', ip: '192.168.1.6', os.name: 'Mac OS X', os.arch: 'x86_64', os.version: '10.12.5', java.version: '1.8.0_111'
Driver info: io.appium.java_client.android.AndroidDriver
Capabilities [{app=/Users/jagannath/Documents/eclipse 3/com.mobile.simplilearn/apps/Simplilearn_com.mobile.simplilearn.apk, appPackage=com.mobile.simplilearn, networkConnectionEnabled=true, noReset=true, warnings={}, appWaitPackage=com.mobile.simplilearn, appWaitActivity=com.mobile.simplilearn.view.activity.SplashActivity, databaseEnabled=false, deviceName=03de9dc6213ebc2d, platform=LINUX, platfornName=Android, deviceUDID=03de9dc6213ebc2d, appActivity=com.mobile.simplilearn.view.activity.SplashActivity, desired={app=/Users/jagannath/Documents/eclipse 3/com.mobile.simplilearn/apps/Simplilearn_com.mobile.simplilearn.apk, noReset=true, platformName=Android, deviceName=03de9dc6213ebc2d, platfornName=Android}, platformVersion=6.0.1, webStorageEnabled=false, locationContextEnabled=false, takesScreenshot=true, javascriptEnabled=true, platformName=Android}]
Session ID: 1e7a6ac2-9aba-4604-b821-ad9cef17abf8
*** Element info: {Using=-android uiautomator, value=new UiSelector().text("LOGIN")}
	at test.TestNavigation.loginToApp(TestNavigation.java:103)
	at sun.reflect.NativeMethodAccessorImpl.invoke0(Native Method)
	at sun.reflect.NativeMethodAccessorImpl.invoke(NativeMethodAccessorImpl.java:62)
	at sun.reflect.DelegatingMethodAccessorImpl.invoke(DelegatingMethodAccessorImpl.java:43)
	at java.lang.reflect.Method.invoke(Method.java:498)
	at org.testng.internal.MethodInvocationHelper.invokeMethod(MethodInvocationHelper.java:108)
	at org.testng.internal.Invoker.invokeMethod(Invoker.java:661)
	at org.testng.internal.Invoker.invokeTestMethod(Invoker.java:869)
	at org.testng.internal.Invoker.invokeTestMethods(Invoker.java:1193)
	at org.testng.internal.TestMethodWorker.invokeTestMethods(TestMethodWorker.java:126)
	at org.testng.internal.TestMethodWorker.run(TestMethodWorker.java:109)
	at org.testng.TestRunner.privateRun(TestRunner.java:744)
	at org.testng.TestRunner.run(TestRunner.java:602)
	at org.testng.SuiteRunner.runTest(SuiteRunner.java:380)
	at org.testng.SuiteRunner.runSequentially(SuiteRunner.java:375)
	at org.testng.SuiteRunner.privateRun(SuiteRunner.java:340)
	at org.testng.SuiteRunner.run(SuiteRunner.java:289)
	at org.testng.SuiteRunnerWorker.runSuite(SuiteRunnerWorker.java:52)
	at org.testng.SuiteRunnerWorker.run(SuiteRunnerWorker.java:86)
	at org.testng.TestNG.runSuitesSequentially(TestNG.java:1301)
	at org.testng.TestNG.runSuitesLocally(TestNG.java:1226)
	at org.testng.TestNG.runSuites(TestNG.java:1144)
	at org.testng.TestNG.run(TestNG.java:1115)
	at org.testng.remote.AbstractRemoteTestNG.run(AbstractRemoteTestNG.java:132)
	at org.testng.remote.RemoteTestNG.initAndRun(RemoteTestNG.java:230)
	at org.testng.remote.RemoteTestNG.main(RemoteTestNG.java:76)
]]>
    </error>
  </testcase> <!-- loginToApp -->
  <testcase name="verifyMyCourse" time="6.627" classname="test.TestNavigation"/>
  <testcase name="verifyLogout" time="0.771" classname="test.TestNavigation">
    <error type="java.lang.RuntimeException" message="An element could not be located on the page using the given search parameters. (WARNING: The server did not provide any stacktrace information)
Command duration or timeout: 766 milliseconds
For documentation on this error, please visit: http://seleniumhq.org/exceptions/no_such_element.html
Build info: version: &#039;3.0.1&#039;, revision: &#039;1969d75&#039;, time: &#039;2016-10-18 09:49:13 -0700&#039;
System info: host: &#039;Jagannath.local&#039;, ip: &#039;192.168.1.6&#039;, os.name: &#039;Mac OS X&#039;, os.arch: &#039;x86_64&#039;, os.version: &#039;10.12.5&#039;, java.version: &#039;1.8.0_111&#039;
Driver info: io.appium.java_client.android.AndroidDriver
Capabilities [{app=/Users/jagannath/Documents/eclipse 3/com.mobile.simplilearn/apps/Simplilearn_com.mobile.simplilearn.apk, appPackage=com.mobile.simplilearn, networkConnectionEnabled=true, noReset=true, warnings={}, appWaitPackage=com.mobile.simplilearn, appWaitActivity=com.mobile.simplilearn.view.activity.SplashActivity, databaseEnabled=false, deviceName=03de9dc6213ebc2d, platform=LINUX, platfornName=Android, deviceUDID=03de9dc6213ebc2d, appActivity=com.mobile.simplilearn.view.activity.SplashActivity, desired={app=/Users/jagannath/Documents/eclipse 3/com.mobile.simplilearn/apps/Simplilearn_com.mobile.simplilearn.apk, noReset=true, platformName=Android, deviceName=03de9dc6213ebc2d, platfornName=Android}, platformVersion=6.0.1, webStorageEnabled=false, locationContextEnabled=false, takesScreenshot=true, javascriptEnabled=true, platformName=Android}]
Session ID: 1e7a6ac2-9aba-4604-b821-ad9cef17abf8
*** Element info: {Using=xpath, value=//android.widget.ImageButton[@index=0]}">
      <![CDATA[java.lang.RuntimeException: An element could not be located on the page using the given search parameters. (WARNING: The server did not provide any stacktrace information)
Command duration or timeout: 766 milliseconds
For documentation on this error, please visit: http://seleniumhq.org/exceptions/no_such_element.html
Build info: version: '3.0.1', revision: '1969d75', time: '2016-10-18 09:49:13 -0700'
System info: host: 'Jagannath.local', ip: '192.168.1.6', os.name: 'Mac OS X', os.arch: 'x86_64', os.version: '10.12.5', java.version: '1.8.0_111'
Driver info: io.appium.java_client.android.AndroidDriver
Capabilities [{app=/Users/jagannath/Documents/eclipse 3/com.mobile.simplilearn/apps/Simplilearn_com.mobile.simplilearn.apk, appPackage=com.mobile.simplilearn, networkConnectionEnabled=true, noReset=true, warnings={}, appWaitPackage=com.mobile.simplilearn, appWaitActivity=com.mobile.simplilearn.view.activity.SplashActivity, databaseEnabled=false, deviceName=03de9dc6213ebc2d, platform=LINUX, platfornName=Android, deviceUDID=03de9dc6213ebc2d, appActivity=com.mobile.simplilearn.view.activity.SplashActivity, desired={app=/Users/jagannath/Documents/eclipse 3/com.mobile.simplilearn/apps/Simplilearn_com.mobile.simplilearn.apk, noReset=true, platformName=Android, deviceName=03de9dc6213ebc2d, platfornName=Android}, platformVersion=6.0.1, webStorageEnabled=false, locationContextEnabled=false, takesScreenshot=true, javascriptEnabled=true, platformName=Android}]
Session ID: 1e7a6ac2-9aba-4604-b821-ad9cef17abf8
*** Element info: {Using=xpath, value=//android.widget.ImageButton[@index=0]}
	at test.TestNavigation.verifyLogout(TestNavigation.java:143)
	at sun.reflect.NativeMethodAccessorImpl.invoke0(Native Method)
	at sun.reflect.NativeMethodAccessorImpl.invoke(NativeMethodAccessorImpl.java:62)
	at sun.reflect.DelegatingMethodAccessorImpl.invoke(DelegatingMethodAccessorImpl.java:43)
	at java.lang.reflect.Method.invoke(Method.java:498)
	at org.testng.internal.MethodInvocationHelper.invokeMethod(MethodInvocationHelper.java:108)
	at org.testng.internal.Invoker.invokeMethod(Invoker.java:661)
	at org.testng.internal.Invoker.invokeTestMethod(Invoker.java:869)
	at org.testng.internal.Invoker.invokeTestMethods(Invoker.java:1193)
	at org.testng.internal.TestMethodWorker.invokeTestMethods(TestMethodWorker.java:126)
	at org.testng.internal.TestMethodWorker.run(TestMethodWorker.java:109)
	at org.testng.TestRunner.privateRun(TestRunner.java:744)
	at org.testng.TestRunner.run(TestRunner.java:602)
	at org.testng.SuiteRunner.runTest(SuiteRunner.java:380)
	at org.testng.SuiteRunner.runSequentially(SuiteRunner.java:375)
	at org.testng.SuiteRunner.privateRun(SuiteRunner.java:340)
	at org.testng.SuiteRunner.run(SuiteRunner.java:289)
	at org.testng.SuiteRunnerWorker.runSuite(SuiteRunnerWorker.java:52)
	at org.testng.SuiteRunnerWorker.run(SuiteRunnerWorker.java:86)
	at org.testng.TestNG.runSuitesSequentially(TestNG.java:1301)
	at org.testng.TestNG.runSuitesLocally(TestNG.java:1226)
	at org.testng.TestNG.runSuites(TestNG.java:1144)
	at org.testng.TestNG.run(TestNG.java:1115)
	at org.testng.remote.AbstractRemoteTestNG.run(AbstractRemoteTestNG.java:132)
	at org.testng.remote.RemoteTestNG.initAndRun(RemoteTestNG.java:230)
	at org.testng.remote.RemoteTestNG.main(RemoteTestNG.java:76)
]]>
    </error>
  </testcase> <!-- verifyLogout -->
</testsuite> <!-- test.TestNavigation -->
