<?xml version="1.0" encoding="UTF-8"?>
<!-- Generated by org.testng.reporters.JUnitReportReporter -->
<testsuite skipped="0" hostname="Macbook-pro.local" name="com.test.reports.SimpliscreenShot" tests="3" failures="0" timestamp="22 May 2017 11:44:29 GMT" time="63.027" errors="1">
  <testcase name="loginToApp" time="44.066" classname="com.test.reports.SimpliscreenShot"/>
  <testcase name="verifyMyCourse" time="5.004" classname="com.test.reports.SimpliscreenShot"/>
  <testcase name="verifyLogout" time="13.957" classname="com.test.reports.SimpliscreenShot">
    <error type="java.lang.RuntimeException" message="An element could not be located on the page using the given search parameters. (WARNING: The server did not provide any stacktrace information)
Command duration or timeout: 2.36 seconds
For documentation on this error, please visit: http://seleniumhq.org/exceptions/no_such_element.html
Build info: version: &#039;3.0.1&#039;, revision: &#039;1969d75&#039;, time: &#039;2016-10-18 09:49:13 -0700&#039;
System info: host: &#039;Macbook-pro.local&#039;, ip: &#039;192.168.7.144&#039;, os.name: &#039;Mac OS X&#039;, os.arch: &#039;x86_64&#039;, os.version: &#039;10.11.6&#039;, java.version: &#039;1.8.0_111&#039;
Driver info: io.appium.java_client.android.AndroidDriver
Capabilities [{app=/Users/jagannathpanda/Documents/eclipse 2/com.mobile.simplilearn/apps/Simplilearn_com.mobile.simplilearn.apk, appPackage=com.mobile.simplilearn, networkConnectionEnabled=true, noReset=true, warnings={}, appWaitPackage=com.mobile.simplilearn, appWaitActivity=com.mobile.simplilearn.view.activity.SplashActivity, databaseEnabled=false, deviceName=emulator-5554, platform=LINUX, platfornName=Android, deviceUDID=emulator-5554, appActivity=com.mobile.simplilearn.view.activity.SplashActivity, desired={app=/Users/jagannathpanda/Documents/eclipse 2/com.mobile.simplilearn/apps/Simplilearn_com.mobile.simplilearn.apk, noReset=true, platformName=Android, deviceName=emulator-5554, platfornName=Android}, platformVersion=6.0, webStorageEnabled=false, locationContextEnabled=false, takesScreenshot=true, javascriptEnabled=true, platformName=Android}]
Session ID: 06acc789-1860-4bb1-9b78-9f55f99fb914
*** Element info: {Using=xpath, value=//android.widget.Button[@text=&#039;SIGN OUT&#039;]}">
      <![CDATA[java.lang.RuntimeException: An element could not be located on the page using the given search parameters. (WARNING: The server did not provide any stacktrace information)
Command duration or timeout: 2.36 seconds
For documentation on this error, please visit: http://seleniumhq.org/exceptions/no_such_element.html
Build info: version: '3.0.1', revision: '1969d75', time: '2016-10-18 09:49:13 -0700'
System info: host: 'Macbook-pro.local', ip: '192.168.7.144', os.name: 'Mac OS X', os.arch: 'x86_64', os.version: '10.11.6', java.version: '1.8.0_111'
Driver info: io.appium.java_client.android.AndroidDriver
Capabilities [{app=/Users/jagannathpanda/Documents/eclipse 2/com.mobile.simplilearn/apps/Simplilearn_com.mobile.simplilearn.apk, appPackage=com.mobile.simplilearn, networkConnectionEnabled=true, noReset=true, warnings={}, appWaitPackage=com.mobile.simplilearn, appWaitActivity=com.mobile.simplilearn.view.activity.SplashActivity, databaseEnabled=false, deviceName=emulator-5554, platform=LINUX, platfornName=Android, deviceUDID=emulator-5554, appActivity=com.mobile.simplilearn.view.activity.SplashActivity, desired={app=/Users/jagannathpanda/Documents/eclipse 2/com.mobile.simplilearn/apps/Simplilearn_com.mobile.simplilearn.apk, noReset=true, platformName=Android, deviceName=emulator-5554, platfornName=Android}, platformVersion=6.0, webStorageEnabled=false, locationContextEnabled=false, takesScreenshot=true, javascriptEnabled=true, platformName=Android}]
Session ID: 06acc789-1860-4bb1-9b78-9f55f99fb914
*** Element info: {Using=xpath, value=//android.widget.Button[@text='SIGN OUT']}
	at com.test.reports.SimpliscreenShot.verifyLogout(SimpliscreenShot.java:117)
	at sun.reflect.NativeMethodAccessorImpl.invoke0(Native Method)
	at sun.reflect.NativeMethodAccessorImpl.invoke(NativeMethodAccessorImpl.java:62)
	at sun.reflect.DelegatingMethodAccessorImpl.invoke(DelegatingMethodAccessorImpl.java:43)
	at java.lang.reflect.Method.invoke(Method.java:498)
	at org.testng.internal.MethodInvocationHelper.invokeMethod(MethodInvocationHelper.java:108)
	at org.testng.internal.Invoker.invokeMethod(Invoker.java:661)
	at org.testng.internal.Invoker.invokeTestMethod(Invoker.java:869)
	at org.testng.internal.Invoker.invokeTestMethods(Invoker.java:1193)
	at org.testng.internal.TestMethodWorker.invokeTestMethods(TestMethodWorker.java:126)
	at org.testng.internal.TestMethodWorker.run(TestMethodWorker.java:109)
	at org.testng.TestRunner.privateRun(TestRunner.java:744)
	at org.testng.TestRunner.run(TestRunner.java:602)
	at org.testng.SuiteRunner.runTest(SuiteRunner.java:380)
	at org.testng.SuiteRunner.runSequentially(SuiteRunner.java:375)
	at org.testng.SuiteRunner.privateRun(SuiteRunner.java:340)
	at org.testng.SuiteRunner.run(SuiteRunner.java:289)
	at org.testng.SuiteRunnerWorker.runSuite(SuiteRunnerWorker.java:52)
	at org.testng.SuiteRunnerWorker.run(SuiteRunnerWorker.java:86)
	at org.testng.TestNG.runSuitesSequentially(TestNG.java:1301)
	at org.testng.TestNG.runSuitesLocally(TestNG.java:1226)
	at org.testng.TestNG.runSuites(TestNG.java:1144)
	at org.testng.TestNG.run(TestNG.java:1115)
	at org.testng.remote.AbstractRemoteTestNG.run(AbstractRemoteTestNG.java:132)
	at org.testng.remote.RemoteTestNG.initAndRun(RemoteTestNG.java:230)
	at org.testng.remote.RemoteTestNG.main(RemoteTestNG.java:76)
]]>
    </error>
  </testcase> <!-- verifyLogout -->
</testsuite> <!-- com.test.reports.SimpliscreenShot -->
